Watching for file changes with StatReloader
[19/Feb/2024 00:37:39] "GET /Frp/ HTTP/1.1" 200 11851
[19/Feb/2024 00:37:41] "POST /Frp/ HTTP/1.1" 200 316
[19/Feb/2024 00:37:41] "POST /Frp/ HTTP/1.1" 200 80
[19/Feb/2024 00:37:41] "POST /Frp/ HTTP/1.1" 200 80
[19/Feb/2024 00:37:42] "POST /Frp/ HTTP/1.1" 200 80
[19/Feb/2024 00:37:43] "POST /Frp/ HTTP/1.1" 200 80
[19/Feb/2024 00:37:44] "POST /Frp/ HTTP/1.1" 200 80
[19/Feb/2024 00:37:45] "POST /Frp/ HTTP/1.1" 200 80
[19/Feb/2024 00:37:46] "POST /Frp/ HTTP/1.1" 200 80
[19/Feb/2024 00:37:48] "POST /Frp/ HTTP/1.1" 200 80
[19/Feb/2024 00:37:49] "POST /Frp/ HTTP/1.1" 200 80
[19/Feb/2024 00:37:50] "POST /Frp/ HTTP/1.1" 200 80
[19/Feb/2024 00:37:51] "POST /Frp/ HTTP/1.1" 200 80
[19/Feb/2024 00:37:52] "POST /Frp/ HTTP/1.1" 200 80
[19/Feb/2024 00:37:53] "POST /Frp/ HTTP/1.1" 200 80
[19/Feb/2024 00:37:54] "POST /Frp/ HTTP/1.1" 200 80
[19/Feb/2024 00:37:55] "POST /Frp/ HTTP/1.1" 200 80
[19/Feb/2024 00:37:56] "POST /Frp/ HTTP/1.1" 200 80
[19/Feb/2024 00:37:57] "POST /Frp/ HTTP/1.1" 200 80
[19/Feb/2024 00:37:58] "POST /Frp/ HTTP/1.1" 200 80
[19/Feb/2024 00:37:59] "POST /Frp/ HTTP/1.1" 200 80
[19/Feb/2024 00:38:00] "POST /Frp/ HTTP/1.1" 200 14
[19/Feb/2024 00:38:02] "POST /Frp/ HTTP/1.1" 200 80
[19/Feb/2024 00:38:03] "POST /Frp/ HTTP/1.1" 200 80
[19/Feb/2024 00:38:04] "POST /Frp/ HTTP/1.1" 200 80
[19/Feb/2024 00:38:05] "POST /Frp/ HTTP/1.1" 200 80
[19/Feb/2024 00:38:07] "POST /Frp/ HTTP/1.1" 200 80
[19/Feb/2024 00:38:09] "POST /Frp/ HTTP/1.1" 200 80
[19/Feb/2024 00:38:11] "POST /Frp/ HTTP/1.1" 200 80
[19/Feb/2024 00:38:12] "POST /Frp/ HTTP/1.1" 200 80
[19/Feb/2024 00:38:13] "POST /Frp/ HTTP/1.1" 200 80
[19/Feb/2024 00:38:14] "GET /Frp/ HTTP/1.1" 200 11851
[19/Feb/2024 00:38:14] "POST /Frp/ HTTP/1.1" 200 317
[19/Feb/2024 00:38:14] "POST /Frp/ HTTP/1.1" 200 80
[19/Feb/2024 00:38:14] "POST /Frp/ HTTP/1.1" 200 80
[19/Feb/2024 00:38:15] "POST /Frp/ HTTP/1.1" 200 80
[19/Feb/2024 00:38:16] "POST /Frp/ HTTP/1.1" 200 80
[19/Feb/2024 00:38:18] "POST /Frp/ HTTP/1.1" 200 80
[19/Feb/2024 00:38:19] "POST /Frp/ HTTP/1.1" 200 80
[19/Feb/2024 00:38:20] "POST /Frp/ HTTP/1.1" 200 80
[19/Feb/2024 00:38:21] "POST /Frp/ HTTP/1.1" 200 80
[19/Feb/2024 00:38:21] "GET /default_man/ HTTP/1.1" 200 10319
[19/Feb/2024 00:38:21] "POST /default_man/ HTTP/1.1" 200 517
[19/Feb/2024 00:38:22] "GET /default_man/?id=9981 HTTP/1.1" 200 7224
[19/Feb/2024 00:38:23] "POST /default_man/ HTTP/1.1" 200 80
[19/Feb/2024 00:38:24] "POST /default_man/ HTTP/1.1" 200 80
[19/Feb/2024 00:38:25] "POST /default_man/ HTTP/1.1" 200 54
[19/Feb/2024 00:38:25] "POST /default_man/ HTTP/1.1" 200 80
[19/Feb/2024 00:38:26] "POST /default_man/ HTTP/1.1" 200 132
[19/Feb/2024 00:38:27] "POST /default_man/ HTTP/1.1" 200 132
[19/Feb/2024 00:38:28] "POST /default_man/ HTTP/1.1" 200 48
[19/Feb/2024 00:38:28] "POST /default_man/ HTTP/1.1" 200 132
[19/Feb/2024 00:38:29] "POST /default_man/ HTTP/1.1" 200 132
[19/Feb/2024 00:38:31] "POST /default_man/ HTTP/1.1" 200 132
[19/Feb/2024 00:38:32] "POST /default_man/ HTTP/1.1" 200 132
[19/Feb/2024 00:38:33] "POST /default_man/ HTTP/1.1" 200 80
[19/Feb/2024 00:38:34] "POST /default_man/ HTTP/1.1" 200 80
[19/Feb/2024 00:38:35] "POST /default_man/ HTTP/1.1" 200 80
[19/Feb/2024 00:38:36] "POST /default_man/ HTTP/1.1" 200 80
[19/Feb/2024 00:38:37] "POST /default_man/ HTTP/1.1" 200 80
[19/Feb/2024 00:38:37] "GET /menu/ HTTP/1.1" 200 3127
[19/Feb/2024 00:38:37] "GET /static/css/state.css HTTP/1.1" 304 0
[19/Feb/2024 00:38:45] "GET /MCSM_server/ HTTP/1.1" 200 6841
[19/Feb/2024 00:38:46] "POST /MCSM_server/ HTTP/1.1" 200 80
[19/Feb/2024 00:38:49] "POST /MCSM_server/ HTTP/1.1" 200 68
[19/Feb/2024 00:38:51] "GET /MCSM_server/ HTTP/1.1" 200 6841
[19/Feb/2024 00:38:52] "POST /MCSM_server/ HTTP/1.1" 200 39
[19/Feb/2024 00:38:59] "POST /MCSM_server/ HTTP/1.1" 200 48
[19/Feb/2024 00:39:01] "GET /MCSM_server/ HTTP/1.1" 200 6841
[19/Feb/2024 00:39:02] "POST /MCSM_server/ HTTP/1.1" 200 39
[19/Feb/2024 00:39:04] "GET /MCSM_server/ HTTP/1.1" 200 6841
[19/Feb/2024 00:39:04] "POST /MCSM_server/ HTTP/1.1" 200 80
Performing system checks...

System check identified no issues (0 silenced).

You have 18 unapplied migration(s). Your project may not work properly until you apply the migrations for app(s): admin, auth, contenttypes, sessions.
Run 'python manage.py migrate' to apply them.
February 19, 2024 - 00:37:24
Django version 5.0.2, using settings 'Termux管理器.settings'
Starting development server at http://0.0.0.0:8000/
Quit the server with CONTROL-C.

时间差:  1224
时间差:  1224
时间差:  1225
时间差:  1226
时间差:  1227
时间差:  1228
时间差:  1229
时间差:  1231
时间差:  1232
时间差:  1233
时间差:  1234
时间差:  1235
时间差:  1236
时间差:  1237
时间差:  1238
时间差:  1239
时间差:  1240
时间差:  1241
时间差:  1242
时间差:  1245
时间差:  1246
时间差:  1247
时间差:  1248
时间差:  1250
时间差:  1252
时间差:  1254
时间差:  1255
时间差:  1256
时间差:  1257
时间差:  1257
时间差:  1258
时间差:  1259
时间差:  1261
时间差:  1262
时间差:  1263
时间差:  1264
ser: POST
时间差:  7138
7138
时间差:  7139
7139
时间差:  7140
7140
时间差:  7140
7140
时间差:  0
0
时间差:  0
0
PID: 6388
已关闭进程PID 6388
时间差:  1
1
时间差:  2
2
时间差:  4
4
时间差:  5
5
时间差:  6
6
时间差:  7
7
时间差:  8
8
时间差:  9
9
时间差:  10
10
时间差:  4958
时间差:  4961
MCSM_server: 启动
时间差:  1
PID: 6444
已关闭进程PID 6444
时间差:  4
时间差:  6
Watching for file changes with StatReloader
Performing system checks...

System check identified no issues (0 silenced).

You have 18 unapplied migration(s). Your project may not work properly until you apply the migrations for app(s): admin, auth, contenttypes, sessions.
Run 'python manage.py migrate' to apply them.
February 20, 2024 - 19:56:32
Django version 5.0.2, using settings 'Termux管理器.settings'
Starting development server at http://0.0.0.0:8000/
Quit the server with CONTROL-C.

Watching for file changes with StatReloader
Watching for file changes with StatReloader
Performing system checks...

System check identified no issues (0 silenced).

You have 18 unapplied migration(s). Your project may not work properly until you apply the migrations for app(s): admin, auth, contenttypes, sessions.
Run 'python manage.py migrate' to apply them.
February 20, 2024 - 19:57:16
Django version 5.0.2, using settings 'Termux管理器.settings'
Starting development server at http://0.0.0.0:8000/
Quit the server with CONTROL-C.

Watching for file changes with StatReloader
Performing system checks...

System check identified no issues (0 silenced).

You have 18 unapplied migration(s). Your project may not work properly until you apply the migrations for app(s): admin, auth, contenttypes, sessions.
Run 'python manage.py migrate' to apply them.
February 20, 2024 - 20:00:51
Django version 5.0.2, using settings 'Termux管理器.settings'
Starting development server at http://0.0.0.0:8000/
Quit the server with CONTROL-C.

Watching for file changes with StatReloader
Watching for file changes with StatReloader
Performing system checks...

System check identified no issues (0 silenced).

You have 18 unapplied migration(s). Your project may not work properly until you apply the migrations for app(s): admin, auth, contenttypes, sessions.
Run 'python manage.py migrate' to apply them.
February 20, 2024 - 21:50:34
Django version 5.0.2, using settings 'Termux管理器.settings'
Starting development server at http://0.0.0.0:8000/
Quit the server with CONTROL-C.

