 * Serving Flask app 'main'
 * Debug mode: on
[31m[1mWARNING: This is a development server. Do not use it in a production deployment. Use a production WSGI server instead.[0m
 * Running on http://127.0.0.1:1234
[33mPress CTRL+C to quit[0m
 * Restarting with stat
 * Debugger is active!
 * Debugger PIN: 794-621-290
127.0.0.1 - - [17/Feb/2024 15:21:53] "POST /api HTTP/1.1" 200 -
127.0.0.1 - - [17/Feb/2024 15:22:04] "POST /api HTTP/1.1" 200 -
127.0.0.1 - - [17/Feb/2024 15:22:33] "POST /api HTTP/1.1" 200 -
127.0.0.1 - - [17/Feb/2024 15:23:03] "POST /api HTTP/1.1" 200 -
127.0.0.1 - - [17/Feb/2024 15:23:07] "POST /api HTTP/1.1" 200 -
wprint.py: frp_æŸ¥çœ‹çŠ¶æ€
wprint.py: -5-æŸ¥çœ‹æ“ä½œ
wprint.py: frp_ä¿®æ”¹é…ç½®
wprint.py: frp_æ‰§è¡Œä»»åŠ¡
wprint.py: -3-å¼€å¯æ“ä½œ
frpå¼€å¯
wprint.py: frp_æŸ¥çœ‹çŠ¶æ€
wprint.py: -5-æŸ¥çœ‹æ“ä½œ
wprint.py: frp_æ‰§è¡Œä»»åŠ¡
wprint.py: -4-å…³é—­æ“ä½œ
frpå…³é—­
å·²å…³é—­è¿›ç¨‹PID 11484
 * Serving Flask app 'main'
 * Debug mode: on
[31m[1mWARNING: This is a development server. Do not use it in a production deployment. Use a production WSGI server instead.[0m
 * Running on http://127.0.0.1:1234
[33mPress CTRL+C to quit[0m
 * Restarting with stat
 * Debugger is active!
 * Debugger PIN: 794-621-290
127.0.0.1 - - [17/Feb/2024 15:28:14] "POST /api HTTP/1.1" 200 -
127.0.0.1 - - [17/Feb/2024 15:28:16] "POST /api HTTP/1.1" 200 -
127.0.0.1 - - [17/Feb/2024 15:28:19] "POST /api HTTP/1.1" 200 -
127.0.0.1 - - [17/Feb/2024 15:28:26] "POST /api HTTP/1.1" 200 -
127.0.0.1 - - [17/Feb/2024 15:28:28] "POST /api HTTP/1.1" 200 -
wprint.py: frp_æŸ¥çœ‹çŠ¶æ€
wprint.py: -5-æŸ¥çœ‹æ“ä½œ
æŸ¥çœ‹çŠ¶æ€
wprint.py: frp_æ‰§è¡Œä»»åŠ¡
wprint.py: -3-å¼€å¯æ“ä½œ
æŸ¥çœ‹çŠ¶æ€
frpå¼€å¯
wprint.py: frp_æŸ¥çœ‹çŠ¶æ€
wprint.py: -5-æŸ¥çœ‹æ“ä½œ
æŸ¥çœ‹çŠ¶æ€
å‘ç°PID: 11710
wprint.py: frp_æ‰§è¡Œä»»åŠ¡
wprint.py: -4-å…³é—­æ“ä½œ
æŸ¥çœ‹çŠ¶æ€
å‘ç°PID: 11710
frpå…³é—­
å·²å…³é—­è¿›ç¨‹PID 11710
wprint.py: frp_æŸ¥çœ‹çŠ¶æ€
wprint.py: -5-æŸ¥çœ‹æ“ä½œ
æŸ¥çœ‹çŠ¶æ€
 * Serving Flask app 'main'
 * Debug mode: on
[31m[1mWARNING: This is a development server. Do not use it in a production deployment. Use a production WSGI server instead.[0m
 * Running on http://127.0.0.1:1234
[33mPress CTRL+C to quit[0m
 * Restarting with stat
 * Debugger is active!
 * Debugger PIN: 794-621-290
127.0.0.1 - - [17/Feb/2024 15:30:59] "POST /api HTTP/1.1" 200 -
127.0.0.1 - - [17/Feb/2024 15:31:06] "POST /api HTTP/1.1" 200 -
127.0.0.1 - - [17/Feb/2024 15:31:07] "POST /api HTTP/1.1" 200 -
127.0.0.1 - - [17/Feb/2024 15:31:12] "POST /api HTTP/1.1" 200 -
127.0.0.1 - - [17/Feb/2024 15:31:13] "POST /api HTTP/1.1" 200 -
127.0.0.1 - - [17/Feb/2024 15:31:43] "POST /api HTTP/1.1" 200 -
wprint.py: frp_æŸ¥çœ‹çŠ¶æ€
wprint.py: -5-æŸ¥çœ‹æ“ä½œ
æŸ¥çœ‹çŠ¶æ€
wprint.py: frp_æ‰§è¡Œä»»åŠ¡
wprint.py: -3-å¼€å¯æ“ä½œ
æŸ¥çœ‹çŠ¶æ€
frpå¼€å¯
wprint.py: frp_æŸ¥çœ‹çŠ¶æ€
wprint.py: -5-æŸ¥çœ‹æ“ä½œ
æŸ¥çœ‹çŠ¶æ€
å‘ç°PID: 11872
wprint.py: frp_æ‰§è¡Œä»»åŠ¡
wprint.py: -4-å…³é—­æ“ä½œ
æŸ¥çœ‹çŠ¶æ€
å‘ç°PID: 11872
frpå…³é—­
å·²å…³é—­è¿›ç¨‹PID 11872
wprint.py: frp_æŸ¥çœ‹çŠ¶æ€
wprint.py: -5-æŸ¥çœ‹æ“ä½œ
æŸ¥çœ‹çŠ¶æ€
wprint.py: mcsm_æŸ¥çœ‹çŠ¶æ€
wprint.py: çº¿ç¨‹1
wprint.py: çº¿ç¨‹2
 * Serving Flask app 'main'
 * Debug mode: on
[31m[1mWARNING: This is a development server. Do not use it in a production deployment. Use a production WSGI server instead.[0m
 * Running on http://127.0.0.1:1234
[33mPress CTRL+C to quit[0m
 * Restarting with stat
 * Debugger is active!
 * Debugger PIN: 794-621-290
127.0.0.1 - - [17/Feb/2024 16:40:11] "POST /api HTTP/1.1" 200 -
wprint.py: frp_æŸ¥çœ‹çŠ¶æ€
wprint.py: -5-æŸ¥çœ‹æ“ä½œ
æŸ¥çœ‹çŠ¶æ€
 * Serving Flask app 'main'
 * Debug mode: on
[31m[1mWARNING: This is a development server. Do not use it in a production deployment. Use a production WSGI server instead.[0m
 * Running on http://127.0.0.1:1234
[33mPress CTRL+C to quit[0m
 * Restarting with stat
 * Debugger is active!
 * Debugger PIN: 794-621-290
127.0.0.1 - - [17/Feb/2024 19:42:25] "POST /api HTTP/1.1" 200 -
wprint.py: frp_æŸ¥çœ‹çŠ¶æ€
wprint.py: -5-æŸ¥çœ‹æ“ä½œ
æŸ¥çœ‹çŠ¶æ€
